  CIndieLib.cpp
d:\projects\.net projects\spacegame\gamedevelopmentc-cource\mygame\spacegame\tools\editor_tileless\cindielib.h(8): fatal error C1083: Cannot open include file: 'Indie.h': No such file or directory
  StaticResources.cpp
  StaticGameEntity.cpp
d:\projects\.net projects\spacegame\gamedevelopmentc-cource\mygame\spacegame\staticgameentity.h(5): fatal error C1083: Cannot open include file: 'CIndieLib.h': No such file or directory
  SpriteCordinateMapper.cpp
  Sprite.cpp
  SpaceBody.cpp
d:\projects\.net projects\spacegame\gamedevelopmentc-cource\mygame\spacegame\staticgameentity.h(5): fatal error C1083: Cannot open include file: 'CIndieLib.h': No such file or directory
  Space.cpp
d:\projects\.net projects\spacegame\gamedevelopmentc-cource\mygame\spacegame\space.h(5): fatal error C1083: Cannot open include file: 'CIndieLib.h': No such file or directory
  Ship.cpp
d:\projects\.net projects\spacegame\gamedevelopmentc-cource\mygame\spacegame\staticgameentity.h(5): fatal error C1083: Cannot open include file: 'CIndieLib.h': No such file or directory
  Settings.cpp
d:\projects\.net projects\spacegame\gamedevelopmentc-cource\mygame\spacegame\settings.h(4): fatal error C1083: Cannot open include file: 'CIndieLib.h': No such file or directory
  Region.cpp
  Projectile.cpp
d:\projects\.net projects\spacegame\gamedevelopmentc-cource\mygame\spacegame\staticgameentity.h(5): fatal error C1083: Cannot open include file: 'CIndieLib.h': No such file or directory
  Position3D.cpp
  Position2D.cpp
  Planet.cpp
d:\projects\.net projects\spacegame\gamedevelopmentc-cource\mygame\spacegame\staticgameentity.h(5): fatal error C1083: Cannot open include file: 'CIndieLib.h': No such file or directory
  Main.cpp
d:\projects\.net projects\spacegame\gamedevelopmentc-cource\mygame\spacegame\main.cpp(1): fatal error C1083: Cannot open include file: 'CIndieLib.h': No such file or directory
  GameEntityManager.cpp
d:\projects\.net projects\spacegame\gamedevelopmentc-cource\mygame\spacegame\gameentity.h(5): fatal error C1083: Cannot open include file: 'CIndieLib.h': No such file or directory
  GameEntity.cpp
d:\projects\.net projects\spacegame\gamedevelopmentc-cource\mygame\spacegame\gameentity.h(5): fatal error C1083: Cannot open include file: 'CIndieLib.h': No such file or directory
  GameEngine.cpp
d:\projects\.net projects\spacegame\gamedevelopmentc-cource\mygame\spacegame\gameengine.h(6): fatal error C1083: Cannot open include file: 'CIndieLib.h': No such file or directory
  Frame.cpp
  Common.cpp
d:\projects\.net projects\spacegame\gamedevelopmentc-cource\mygame\spacegame\common.cpp(24): warning C4018: '<': signed/unsigned mismatch
  Generating Code...
  Compiling...
  AudioPlayer.cpp
d:\projects\.net projects\spacegame\gamedevelopmentc-cource\mygame\spacegame\irrklang.h(13): fatal error C1083: Cannot open include file: 'ik_irrKlangTypes.h': No such file or directory
  AnimationMapper.cpp
d:\projects\.net projects\spacegame\gamedevelopmentc-cource\mygame\spacegame\staticgameentity.h(5): fatal error C1083: Cannot open include file: 'CIndieLib.h': No such file or directory
  AnimatedGameEntity.cpp
d:\projects\.net projects\spacegame\gamedevelopmentc-cource\mygame\spacegame\gameentity.h(5): fatal error C1083: Cannot open include file: 'CIndieLib.h': No such file or directory
  Generating Code...
