  FontManager.cpp
  GameEngine.cpp
GameEngine.cpp(116): warning C4244: 'argument': conversion from 'int' to 'float', possible loss of data
GameEngine.cpp(121): warning C4244: 'argument': conversion from 'int' to 'float', possible loss of data
GameEngine.cpp(232): warning C4244: 'argument': conversion from 'int' to 'float', possible loss of data
GameEngine.cpp(248): warning C4244: 'argument': conversion from 'int' to 'float', possible loss of data
  GameEntityManager.cpp
GameEntityManager.cpp(115): warning C4018: '<': signed/unsigned mismatch
GameEntityManager.cpp(145): warning C4244: 'argument': conversion from 'float' to 'int', possible loss of data
GameEntityManager.cpp(150): warning C4244: 'argument': conversion from 'float' to 'int', possible loss of data
GameEntityManager.cpp(154): warning C4244: 'argument': conversion from 'float' to 'int', possible loss of data
GameEntityManager.cpp(203): warning C4018: '<': signed/unsigned mismatch
GameEntityManager.cpp(214): warning C4018: '<': signed/unsigned mismatch
  Main.cpp
Main.cpp(18): warning C4067: unexpected tokens following preprocessor directive - expected a newline
  Generating code
  27 of 1460 functions ( 1.8%) were compiled, the rest were copied from previous compilation.
    1 functions were new in current compilation
    27 functions had inline decision re-evaluated but remain unchanged
  Finished generating code
  SpaceGame.vcxproj -> D:\Projects\.Net Projects\SpaceGame\GameDevelopmentC-Cource\MyGame\Release\SpaceGame.exe
